#
# There is insufficient memory for the Java Runtime Environment to continue.
# Native memory allocation (malloc) failed to allocate 1048576 bytes for AllocateHeap
# Possible reasons:
#   The system is out of physical RAM or swap space
#   In 32 bit mode, the process size limit was hit
# Possible solutions:
#   Reduce memory load on the system
#   Increase physical memory or swap space
#   Check if swap backing store is full
#   Use 64 bit Java on a 64 bit OS
#   Decrease Java heap size (-Xmx/-Xms)
#   Decrease number of Java threads
#   Decrease Java thread stack sizes (-Xss)
#   Set larger code cache with -XX:ReservedCodeCacheSize=
# This output file may be truncated or incomplete.
#
#  Out of Memory Error (memory/allocation.inline.hpp:61), pid=14028, tid=0x000000000000344c
#
# JRE version:  (8.0_121-b13) (build )
# Java VM: Java HotSpot(TM) 64-Bit Server VM (25.121-b13 mixed mode windows-amd64 compressed oops)
# Failed to write core dump. Minidumps are not enabled by default on client versions of Windows
#

---------------  T H R E A D  ---------------

Current thread (0x000000000244e800):  JavaThread "Unknown thread" [_thread_in_vm, id=13388, stack(0x0000000002550000,0x0000000002650000)]

Stack: [0x0000000002550000,0x0000000002650000]
[error occurred during error reporting (printing stack bounds), id 0xc0000005]

Native frames: (J=compiled Java code, j=interpreted, Vv=VM code, C=native code)


---------------  P R O C E S S  ---------------

Java Threads: ( => current thread )

Other Threads:

=>0x000000000244e800 (exited) JavaThread "Unknown thread" [_thread_in_vm, id=13388, stack(0x0000000002550000,0x0000000002650000)]

VM state:not at safepoint (normal execution)

VM Mutex/Monitor currently owned by a thread: None

Heap:
 PSYoungGen      total 56832K, used 983K [0x0000000780b00000, 0x0000000784a00000, 0x00000007c0000000)
  eden space 49152K, 2% used [0x0000000780b00000,0x0000000780bf5c38,0x0000000783b00000)
  from space 7680K, 0% used [0x0000000784280000,0x0000000784280000,0x0000000784a00000)
  to   space 7680K, 0% used [0x0000000783b00000,0x0000000783b00000,0x0000000784280000)
 ParOldGen       total 130048K, used 0K [0x0000000702000000, 0x0000000709f00000, 0x0000000780b00000)
  object space 130048K, 0% used [0x0000000702000000,0x0000000702000000,0x0000000709f00000)
 Metaspace       used 770K, capacity 4480K, committed 4480K, reserved 1056768K
  class space    used 75K, capacity 384K, committed 384K, reserved 1048576K

Card table byte_map: [0x0000000011b10000,0x0000000012110000] byte_map_base: 0x000000000e300000

Marking Bits: (ParMarkBitMap*) 0x000000005a57b6d0
 Begin Bits: [0x0000000012910000, 0x0000000015890000)
 End Bits:   [0x0000000015890000, 0x0000000018810000)

Polling page: 0x00000000023a0000

CodeCache: size=245760Kb used=328Kb max_used=328Kb free=245431Kb
 bounds [0x0000000002750000, 0x00000000029c0000, 0x0000000011750000]
 total_blobs=58 nmethods=0 adapters=38
 compilation: enabled

Compilation events (0 events):
No events

GC Heap History (0 events):
No events

Deoptimization events (0 events):
No events

Internal exceptions (0 events):
No events

Events (10 events):
Event: 0.121 loading class java/lang/Short
Event: 0.121 loading class java/lang/Short done
Event: 0.121 loading class java/lang/Integer
Event: 0.121 loading class java/lang/Integer done
Event: 0.121 loading class java/lang/Long
Event: 0.122 loading class java/lang/Long done
Event: 0.124 loading class java/lang/NullPointerException
Event: 0.125 loading class java/lang/NullPointerException done
Event: 0.125 loading class java/lang/ArithmeticException
Event: 0.125 loading class java/lang/ArithmeticException done


Dynamic libraries:
0x00007ff7881c0000 - 0x00007ff7881f7000 	D:\我的文档\桌面\学务\Java\编程工具\Java\jdk1.8.0_121\bin\java.exe
0x00007ffa98740000 - 0x00007ffa98930000 	C:\WINDOWS\SYSTEM32\ntdll.dll
0x00007ffa96910000 - 0x00007ffa969c2000 	C:\WINDOWS\System32\KERNEL32.DLL
0x00007ffa96410000 - 0x00007ffa966b4000 	C:\WINDOWS\System32\KERNELBASE.dll
0x00007ffa96800000 - 0x00007ffa968a3000 	C:\WINDOWS\System32\ADVAPI32.dll
0x00007ffa97820000 - 0x00007ffa978be000 	C:\WINDOWS\System32\msvcrt.dll
0x00007ffa96aa0000 - 0x00007ffa96b37000 	C:\WINDOWS\System32\sechost.dll
0x00007ffa970a0000 - 0x00007ffa971c0000 	C:\WINDOWS\System32\RPCRT4.dll
0x00007ffa97590000 - 0x00007ffa97724000 	C:\WINDOWS\System32\USER32.dll
0x00007ffa95c60000 - 0x00007ffa95c81000 	C:\WINDOWS\System32\win32u.dll
0x00007ffa97340000 - 0x00007ffa97366000 	C:\WINDOWS\System32\GDI32.dll
0x00007ffa958f0000 - 0x00007ffa95a84000 	C:\WINDOWS\System32\gdi32full.dll
0x00007ffa95a90000 - 0x00007ffa95b2e000 	C:\WINDOWS\System32\msvcp_win.dll
0x00007ffa966c0000 - 0x00007ffa967ba000 	C:\WINDOWS\System32\ucrtbase.dll
0x00007ffa83e40000 - 0x00007ffa840c4000 	C:\WINDOWS\WinSxS\amd64_microsoft.windows.common-controls_6595b64144ccf1df_6.0.18362.836_none_e6c4b943130f18ed\COMCTL32.dll
0x00007ffa98310000 - 0x00007ffa98646000 	C:\WINDOWS\System32\combase.dll
0x00007ffa95be0000 - 0x00007ffa95c60000 	C:\WINDOWS\System32\bcryptPrimitives.dll
0x00007ffa98670000 - 0x00007ffa9869e000 	C:\WINDOWS\System32\IMM32.DLL
0x0000000059c80000 - 0x0000000059d52000 	D:\我的文档\桌面\学务\Java\编程工具\Java\jdk1.8.0_121\jre\bin\msvcr100.dll
0x0000000059d60000 - 0x000000005a5fb000 	D:\我的文档\桌面\学务\Java\编程工具\Java\jdk1.8.0_121\jre\bin\server\jvm.dll
0x00007ffa967f0000 - 0x00007ffa967f8000 	C:\WINDOWS\System32\PSAPI.DLL
0x00007ffa83dc0000 - 0x00007ffa83dc9000 	C:\WINDOWS\SYSTEM32\WSOCK32.dll
0x00007ffa97520000 - 0x00007ffa9758f000 	C:\WINDOWS\System32\WS2_32.dll
0x00007ffa91e40000 - 0x00007ffa91e64000 	C:\WINDOWS\SYSTEM32\WINMM.dll
0x00007ffa89d50000 - 0x00007ffa89d5a000 	C:\WINDOWS\SYSTEM32\VERSION.dll
0x00007ffa91e00000 - 0x00007ffa91e2d000 	C:\WINDOWS\SYSTEM32\WINMMBASE.dll
0x00007ffa95b30000 - 0x00007ffa95b7a000 	C:\WINDOWS\System32\cfgmgr32.dll
0x000000005bdf0000 - 0x000000005bdff000 	D:\我的文档\桌面\学务\Java\编程工具\Java\jdk1.8.0_121\jre\bin\verify.dll
0x0000000059c10000 - 0x0000000059c39000 	D:\我的文档\桌面\学务\Java\编程工具\Java\jdk1.8.0_121\jre\bin\java.dll
0x0000000059bf0000 - 0x0000000059c06000 	D:\我的文档\桌面\学务\Java\编程工具\Java\jdk1.8.0_121\jre\bin\zip.dll

VM Arguments:
jvm_args: -Dclassworlds.conf=E:\IDE\NetBeans 8.2\java\maven\bin\m2.conf -Dmaven.home=E:\IDE\NetBeans 8.2\java\maven 
java_command: org.codehaus.plexus.classworlds.launcher.Launcher -Dmaven.ext.class.path=E:\IDE\NetBeans 8.2\java\maven-nblib\netbeans-eventspy.jar -Dfile.encoding=UTF-8 clean install
java_class_path (initial): E:\IDE\NetBeans 8.2\java\maven\boot\plexus-classworlds-2.4.jar
Launcher Type: SUN_STANDARD

Environment Variables:
JAVA_HOME=D:\我的文档\桌面\学务\Java\编程工具\Java\jdk1.8.0_121
JRE_HOME=d:\我的文档\桌面\学务\Java\编程工具\Java\jdk1.8.0_121\jre
CLASSPATH=d:\我的文档\桌面\学务\Java\编程工具\Java\jdk1.8.0_121\lib;d:\我的文档\桌面\学务\Java\编程工具\Java\jdk1.8.0_121\lib\tools.jar;
PATH=D:\我的文档\桌面\学务\Pyt;C:\Window;\System32;d:\我的文档\桌面;C:\Pro;ram Files (x86)\MySQL\MySQL Server 6.0\bin;C:\WINDOWS\system32;C:\WINDOWS;C:\WINDOWS\System32\Wbem;C:\WINDOWS\System32\WindowsPowerShell\v1.0\;E:\Envirovment\php\php-7.1.8\php-7.1.8\ext;d:\我的文档\桌面\学务\Python核心编程\编程工具\python环境;H:\Xampp\php;mpp\php\ext;C:\Program Files (x86)\Microsoft SQL Server\100\Tools\Binn\;C:\Program Files\Microsoft SQL Server\100\Tools\Binn\;C:\Program Files\Microsoft SQL Server\100\DTS\Binn\;d:\我的文档\桌面\学务\Java\apache-maven-3.0.4\bin;d:\我的文档;桌面\学务\移动终端应用开发\Android\Android环境\android-sdk-windows\tools;d:\我的文档\桌面\学务;移动终端应用开发\Android\Android环境\android-sdk-windows\platform-tools;E:\Go\bin;E:\Git\cmd;d:\我的文档\桌面\学务\Java\编程工具\Java\jdk1.8.0_121\bin;"d:\我的文档\桌面\学务\Java\编程工具\Java\jdk1.8.0_121\jre\bin;";C:\Program Files\Microsoft\Web Platform Installer\;C:\Program Files (x86)\Microsoft ASP.NET\ASP.NET Web Pages\v1.0\;C:\Program Files\Microsoft SQL Server\110\Tools\Binn\;C:\WINDOWS\System32\OpenSSH\;E:\androidSdk\platform-tools;D:\ffmpeg\bin;E:\python\Scripts\;E:\python\;C:\Users\king\AppData\Local\Microsoft\WindowsApps;
USERNAME=king
OS=Windows_NT
PROCESSOR_IDENTIFIER=Intel64 Family 6 Model 78 Stepping 3, GenuineIntel



---------------  S Y S T E M  ---------------

OS: Windows 10.0 , 64 bit Build 18362 (10.0.18362.778)

CPU:total 4 (2 cores per cpu, 2 threads per core) family 6 model 78 stepping 3, cmov, cx8, fxsr, mmx, sse, sse2, sse3, ssse3, sse4.1, sse4.2, popcnt, avx, avx2, aes, clmul, erms, 3dnowpref, lzcnt, ht, tsc, tscinvbit, bmi1, bmi2, adx

Memory: 4k page, physical 12446304k(2844792k free), swap 16640608k(5208k free)

vm_info: Java HotSpot(TM) 64-Bit Server VM (25.121-b13) for windows-amd64 JRE (1.8.0_121-b13), built on Dec 12 2016 18:21:36 by "java_re" with MS VC++ 10.0 (VS2010)

time: Sun Jun 07 20:31:41 2020
elapsed time: 0 seconds (0d 0h 0m 0s)

